<?xml version="1.0" encoding="UTF-8"?>
<!-- Generated by org.testng.reporters.JUnitXMLReporter -->
<testsuite hostname="Utpal" ignored="0" name="Command line test" tests="10" failures="0" timestamp="2019-12-13T10:32:45 IST" time="301.986" errors="0">
  <testcase name="validateContactsPageLabelTest" time="1.674" classname="freeCrm.testCases.ContactsPageTest"/>
  <testcase name="checkboxContactsByNameTest" time="1.257" classname="freeCrm.testCases.ContactsPageTest"/>
  <testcase name="homePageTitleTest" time="0.025" classname="freeCrm.testCases.HomePageTest"/>
  <testcase name="userNameTextTest" time="2.549" classname="freeCrm.testCases.HomePageTest"/>
  <testcase name="calendarLinkTest" time="2.044" classname="freeCrm.testCases.HomePageTest"/>
  <testcase name="clickOncontactsLinkTest" time="5.38" classname="freeCrm.testCases.HomePageTest"/>
  <testcase name="loginPageTitleTest" time="0.317" classname="freeCrm.testCases.LoginPageTest"/>
  <testcase name="crmLogoTest" time="0.668" classname="freeCrm.testCases.LoginPageTest"/>
  <testcase name="signUpLinkTest" time="0.563" classname="freeCrm.testCases.LoginPageTest"/>
  <testcase name="loginTest" time="5.878" classname="freeCrm.testCases.LoginPageTest"/>
</testsuite> <!-- Command line test -->
