<?xml version="1.0" encoding="UTF-8" ?>
<testsuite tests="10" failures="0" name="TestSuite" time="20.354" errors="0" skipped="0">
  <properties>
[...]
</properties>
  <testcase classname="freeCrm.testCases.ContactsPageTest" name="validateContactsPageLabelTest" time="1.68"/>
  <testcase classname="freeCrm.testCases.ContactsPageTest" name="checkboxContactsByNameTest" time="1.26"/>
  <testcase classname="freeCrm.testCases.HomePageTest" name="homePageTitleTest" time="0.019"/>
  <testcase classname="freeCrm.testCases.HomePageTest" name="userNameTextTest" time="2.548"/>
  <testcase classname="freeCrm.testCases.HomePageTest" name="calendarLinkTest" time="2.043"/>
  <testcase classname="freeCrm.testCases.HomePageTest" name="clickOncontactsLinkTest" time="5.38"/>
  <testcase classname="freeCrm.testCases.LoginPageTest" name="loginPageTitleTest" time="0.316"/>
  <testcase classname="freeCrm.testCases.LoginPageTest" name="crmLogoTest" time="0.668"/>
  <testcase classname="freeCrm.testCases.LoginPageTest" name="signUpLinkTest" time="0.562"/>
  <testcase classname="freeCrm.testCases.LoginPageTest" name="loginTest" time="5.878"/>
</testsuite>