<?xml version="1.0" encoding="UTF-8"?>
<testng-results skipped="0" failed="0" ignored="0" total="10" passed="10">
  <reporter-output>
  </reporter-output>
  <suite name="Command line suite" duration-ms="301986" started-at="2019-12-13T10:27:42 IST" finished-at="2019-12-13T10:32:44 IST">
    <groups>
    </groups>
    <test name="Command line test" duration-ms="301986" started-at="2019-12-13T10:27:42 IST" finished-at="2019-12-13T10:32:44 IST">
      <class name="freeCrm.testCases.LoginPageTest">
        <test-method status="PASS" signature="setUp()[pri:0, instance:freeCrm.testCases.LoginPageTest@26653222]" name="setUp" is-config="true" duration-ms="14193" started-at="2019-12-13T10:31:33 IST" finished-at="2019-12-13T10:31:47 IST">
          <reporter-output>
          </reporter-output>
        </test-method> <!-- setUp -->
        <test-method status="PASS" signature="loginPageTitleTest()[pri:1, instance:freeCrm.testCases.LoginPageTest@26653222]" name="loginPageTitleTest" duration-ms="317" started-at="2019-12-13T10:31:47 IST" finished-at="2019-12-13T10:31:48 IST">
          <reporter-output>
          </reporter-output>
        </test-method> <!-- loginPageTitleTest -->
        <test-method status="PASS" signature="tearDown()[pri:0, instance:freeCrm.testCases.LoginPageTest@26653222]" name="tearDown" is-config="true" duration-ms="1202" started-at="2019-12-13T10:31:48 IST" finished-at="2019-12-13T10:31:49 IST">
          <reporter-output>
          </reporter-output>
        </test-method> <!-- tearDown -->
        <test-method status="PASS" signature="setUp()[pri:0, instance:freeCrm.testCases.LoginPageTest@26653222]" name="setUp" is-config="true" duration-ms="14945" started-at="2019-12-13T10:31:49 IST" finished-at="2019-12-13T10:32:04 IST">
          <reporter-output>
          </reporter-output>
        </test-method> <!-- setUp -->
        <test-method status="PASS" signature="crmLogoTest()[pri:2, instance:freeCrm.testCases.LoginPageTest@26653222]" name="crmLogoTest" duration-ms="668" started-at="2019-12-13T10:32:04 IST" finished-at="2019-12-13T10:32:05 IST">
          <reporter-output>
          </reporter-output>
        </test-method> <!-- crmLogoTest -->
        <test-method status="PASS" signature="tearDown()[pri:0, instance:freeCrm.testCases.LoginPageTest@26653222]" name="tearDown" is-config="true" duration-ms="1328" started-at="2019-12-13T10:32:05 IST" finished-at="2019-12-13T10:32:06 IST">
          <reporter-output>
          </reporter-output>
        </test-method> <!-- tearDown -->
        <test-method status="PASS" signature="setUp()[pri:0, instance:freeCrm.testCases.LoginPageTest@26653222]" name="setUp" is-config="true" duration-ms="14497" started-at="2019-12-13T10:32:06 IST" finished-at="2019-12-13T10:32:20 IST">
          <reporter-output>
          </reporter-output>
        </test-method> <!-- setUp -->
        <test-method status="PASS" signature="signUpLinkTest()[pri:3, instance:freeCrm.testCases.LoginPageTest@26653222]" name="signUpLinkTest" duration-ms="563" started-at="2019-12-13T10:32:20 IST" finished-at="2019-12-13T10:32:21 IST">
          <reporter-output>
          </reporter-output>
        </test-method> <!-- signUpLinkTest -->
        <test-method status="PASS" signature="tearDown()[pri:0, instance:freeCrm.testCases.LoginPageTest@26653222]" name="tearDown" is-config="true" duration-ms="798" started-at="2019-12-13T10:32:21 IST" finished-at="2019-12-13T10:32:22 IST">
          <reporter-output>
          </reporter-output>
        </test-method> <!-- tearDown -->
        <test-method status="PASS" signature="setUp()[pri:0, instance:freeCrm.testCases.LoginPageTest@26653222]" name="setUp" is-config="true" duration-ms="14959" started-at="2019-12-13T10:32:22 IST" finished-at="2019-12-13T10:32:37 IST">
          <reporter-output>
          </reporter-output>
        </test-method> <!-- setUp -->
        <test-method status="PASS" signature="loginTest()[pri:4, instance:freeCrm.testCases.LoginPageTest@26653222]" name="loginTest" duration-ms="5878" started-at="2019-12-13T10:32:37 IST" finished-at="2019-12-13T10:32:43 IST">
          <reporter-output>
          </reporter-output>
        </test-method> <!-- loginTest -->
        <test-method status="PASS" signature="tearDown()[pri:0, instance:freeCrm.testCases.LoginPageTest@26653222]" name="tearDown" is-config="true" duration-ms="1113" started-at="2019-12-13T10:32:43 IST" finished-at="2019-12-13T10:32:44 IST">
          <reporter-output>
          </reporter-output>
        </test-method> <!-- tearDown -->
      </class> <!-- freeCrm.testCases.LoginPageTest -->
      <class name="freeCrm.testCases.HomePageTest">
        <test-method status="PASS" signature="setUp()[pri:0, instance:freeCrm.testCases.HomePageTest@5e5792a0]" name="setUp" is-config="true" duration-ms="32843" started-at="2019-12-13T10:29:40 IST" finished-at="2019-12-13T10:30:13 IST">
          <reporter-output>
          </reporter-output>
        </test-method> <!-- setUp -->
        <test-method status="PASS" signature="homePageTitleTest()[pri:1, instance:freeCrm.testCases.HomePageTest@5e5792a0]" name="homePageTitleTest" duration-ms="25" started-at="2019-12-13T10:30:13 IST" finished-at="2019-12-13T10:30:13 IST">
          <reporter-output>
          </reporter-output>
        </test-method> <!-- homePageTitleTest -->
        <test-method status="PASS" signature="tearDown()[pri:0, instance:freeCrm.testCases.HomePageTest@5e5792a0]" name="tearDown" is-config="true" duration-ms="1064" started-at="2019-12-13T10:30:13 IST" finished-at="2019-12-13T10:30:14 IST">
          <reporter-output>
          </reporter-output>
        </test-method> <!-- tearDown -->
        <test-method status="PASS" signature="setUp()[pri:0, instance:freeCrm.testCases.HomePageTest@5e5792a0]" name="setUp" is-config="true" duration-ms="20340" started-at="2019-12-13T10:30:14 IST" finished-at="2019-12-13T10:30:35 IST">
          <reporter-output>
          </reporter-output>
        </test-method> <!-- setUp -->
        <test-method status="PASS" signature="userNameTextTest()[pri:2, instance:freeCrm.testCases.HomePageTest@5e5792a0]" name="userNameTextTest" duration-ms="2549" started-at="2019-12-13T10:30:35 IST" finished-at="2019-12-13T10:30:37 IST">
          <reporter-output>
          </reporter-output>
        </test-method> <!-- userNameTextTest -->
        <test-method status="PASS" signature="tearDown()[pri:0, instance:freeCrm.testCases.HomePageTest@5e5792a0]" name="tearDown" is-config="true" duration-ms="843" started-at="2019-12-13T10:30:37 IST" finished-at="2019-12-13T10:30:38 IST">
          <reporter-output>
          </reporter-output>
        </test-method> <!-- tearDown -->
        <test-method status="PASS" signature="setUp()[pri:0, instance:freeCrm.testCases.HomePageTest@5e5792a0]" name="setUp" is-config="true" duration-ms="24394" started-at="2019-12-13T10:30:38 IST" finished-at="2019-12-13T10:31:03 IST">
          <reporter-output>
          </reporter-output>
        </test-method> <!-- setUp -->
        <test-method status="PASS" signature="calendarLinkTest()[pri:3, instance:freeCrm.testCases.HomePageTest@5e5792a0]" name="calendarLinkTest" duration-ms="2044" started-at="2019-12-13T10:31:03 IST" finished-at="2019-12-13T10:31:05 IST">
          <reporter-output>
          </reporter-output>
        </test-method> <!-- calendarLinkTest -->
        <test-method status="PASS" signature="tearDown()[pri:0, instance:freeCrm.testCases.HomePageTest@5e5792a0]" name="tearDown" is-config="true" duration-ms="814" started-at="2019-12-13T10:31:05 IST" finished-at="2019-12-13T10:31:05 IST">
          <reporter-output>
          </reporter-output>
        </test-method> <!-- tearDown -->
        <test-method status="PASS" signature="setUp()[pri:0, instance:freeCrm.testCases.HomePageTest@5e5792a0]" name="setUp" is-config="true" duration-ms="21493" started-at="2019-12-13T10:31:05 IST" finished-at="2019-12-13T10:31:27 IST">
          <reporter-output>
          </reporter-output>
        </test-method> <!-- setUp -->
        <test-method status="PASS" signature="clickOncontactsLinkTest()[pri:4, instance:freeCrm.testCases.HomePageTest@5e5792a0]" name="clickOncontactsLinkTest" duration-ms="5380" started-at="2019-12-13T10:31:27 IST" finished-at="2019-12-13T10:31:32 IST">
          <reporter-output>
          </reporter-output>
        </test-method> <!-- clickOncontactsLinkTest -->
        <test-method status="PASS" signature="tearDown()[pri:0, instance:freeCrm.testCases.HomePageTest@5e5792a0]" name="tearDown" is-config="true" duration-ms="914" started-at="2019-12-13T10:31:32 IST" finished-at="2019-12-13T10:31:33 IST">
          <reporter-output>
          </reporter-output>
        </test-method> <!-- tearDown -->
      </class> <!-- freeCrm.testCases.HomePageTest -->
      <class name="freeCrm.testCases.ContactsPageTest">
        <test-method status="PASS" signature="setUp()[pri:0, instance:freeCrm.testCases.ContactsPageTest@3ffc5af1]" name="setUp" is-config="true" duration-ms="72006" started-at="2019-12-13T10:27:42 IST" finished-at="2019-12-13T10:28:54 IST">
          <reporter-output>
          </reporter-output>
        </test-method> <!-- setUp -->
        <test-method status="PASS" signature="validateContactsPageLabelTest()[pri:1, instance:freeCrm.testCases.ContactsPageTest@3ffc5af1]" name="validateContactsPageLabelTest" duration-ms="1674" started-at="2019-12-13T10:28:54 IST" finished-at="2019-12-13T10:28:55 IST">
          <reporter-output>
          </reporter-output>
        </test-method> <!-- validateContactsPageLabelTest -->
        <test-method status="PASS" signature="tearDown()[pri:0, instance:freeCrm.testCases.ContactsPageTest@3ffc5af1]" name="tearDown" is-config="true" duration-ms="2160" started-at="2019-12-13T10:28:55 IST" finished-at="2019-12-13T10:28:58 IST">
          <reporter-output>
          </reporter-output>
        </test-method> <!-- tearDown -->
        <test-method status="PASS" signature="setUp()[pri:0, instance:freeCrm.testCases.ContactsPageTest@3ffc5af1]" name="setUp" is-config="true" duration-ms="40090" started-at="2019-12-13T10:28:58 IST" finished-at="2019-12-13T10:29:38 IST">
          <reporter-output>
          </reporter-output>
        </test-method> <!-- setUp -->
        <test-method status="PASS" signature="checkboxContactsByNameTest()[pri:2, instance:freeCrm.testCases.ContactsPageTest@3ffc5af1]" name="checkboxContactsByNameTest" duration-ms="1257" started-at="2019-12-13T10:29:38 IST" finished-at="2019-12-13T10:29:39 IST">
          <reporter-output>
          </reporter-output>
        </test-method> <!-- checkboxContactsByNameTest -->
        <test-method status="PASS" signature="tearDown()[pri:0, instance:freeCrm.testCases.ContactsPageTest@3ffc5af1]" name="tearDown" is-config="true" duration-ms="1167" started-at="2019-12-13T10:29:39 IST" finished-at="2019-12-13T10:29:40 IST">
          <reporter-output>
          </reporter-output>
        </test-method> <!-- tearDown -->
      </class> <!-- freeCrm.testCases.ContactsPageTest -->
    </test> <!-- Command line test -->
  </suite> <!-- Command line suite -->
</testng-results>
